0 info it worked if it ends with ok
1 verbose cli [ 'node', '/usr/bin/npm', 'install' ]
2 info using npm@2.1.12
3 info using node@v0.10.32
4 warn package.json ngapp@0.0.0 No description
5 warn package.json ngapp@0.0.0 No repository field.
6 warn package.json ngapp@0.0.0 No README data
7 verbose install where, deps [ '/root/rails/nightwalker-client/ngapp',
7 verbose install   [ 'grunt',
7 verbose install     'grunt-autoprefixer',
7 verbose install     'grunt-concurrent',
7 verbose install     'grunt-contrib-clean',
7 verbose install     'grunt-contrib-compass',
7 verbose install     'grunt-contrib-concat',
7 verbose install     'grunt-contrib-connect',
7 verbose install     'grunt-contrib-copy',
7 verbose install     'grunt-contrib-cssmin',
7 verbose install     'grunt-contrib-htmlmin',
7 verbose install     'grunt-contrib-imagemin',
7 verbose install     'grunt-contrib-jshint',
7 verbose install     'grunt-contrib-uglify',
7 verbose install     'grunt-contrib-watch',
7 verbose install     'grunt-filerev',
7 verbose install     'grunt-google-cdn',
7 verbose install     'grunt-newer',
7 verbose install     'grunt-ng-annotate',
7 verbose install     'grunt-svgmin',
7 verbose install     'grunt-usemin',
7 verbose install     'grunt-wiredep',
7 verbose install     'jshint-stylish',
7 verbose install     'load-grunt-tasks',
7 verbose install     'time-grunt' ] ]
8 verbose install where, peers [ '/root/rails/nightwalker-client/ngapp', [] ]
9 info preinstall ngapp@0.0.0
10 silly cache add args [ 'grunt@^0.4.1', null ]
11 verbose cache add spec grunt@^0.4.1
12 silly cache add args [ 'grunt-autoprefixer@^0.7.3', null ]
13 verbose cache add spec grunt-autoprefixer@^0.7.3
14 silly cache add parsed spec { raw: 'grunt@^0.4.1',
14 silly cache add   scope: null,
14 silly cache add   name: 'grunt',
14 silly cache add   rawSpec: '^0.4.1',
14 silly cache add   spec: '>=0.4.1 <0.5.0',
14 silly cache add   type: 'range' }
15 verbose addNamed grunt@>=0.4.1 <0.5.0
16 silly addNamed semver.valid null
17 silly addNamed semver.validRange >=0.4.1 <0.5.0
18 silly addNameRange { name: 'grunt', range: '>=0.4.1 <0.5.0', hasData: false }
19 silly mapToRegistry name grunt
20 silly mapToRegistry using default registry
21 silly mapToRegistry registry https://registry.npmjs.org/
22 silly mapToRegistry uri https://registry.npmjs.org/grunt
23 verbose addNameRange registry:https://registry.npmjs.org/grunt not in flight; fetching
24 silly cache add parsed spec { raw: 'grunt-autoprefixer@^0.7.3',
24 silly cache add   scope: null,
24 silly cache add   name: 'grunt-autoprefixer',
24 silly cache add   rawSpec: '^0.7.3',
24 silly cache add   spec: '>=0.7.3 <0.8.0',
24 silly cache add   type: 'range' }
25 verbose addNamed grunt-autoprefixer@>=0.7.3 <0.8.0
26 silly addNamed semver.valid null
27 silly addNamed semver.validRange >=0.7.3 <0.8.0
28 silly addNameRange { name: 'grunt-autoprefixer',
28 silly addNameRange   range: '>=0.7.3 <0.8.0',
28 silly addNameRange   hasData: false }
29 silly mapToRegistry name grunt-autoprefixer
30 silly mapToRegistry using default registry
31 silly mapToRegistry registry https://registry.npmjs.org/
32 silly mapToRegistry uri https://registry.npmjs.org/grunt-autoprefixer
33 verbose addNameRange registry:https://registry.npmjs.org/grunt-autoprefixer not in flight; fetching
34 silly cache add args [ 'grunt-concurrent@^0.5.0', null ]
35 verbose cache add spec grunt-concurrent@^0.5.0
36 silly cache add parsed spec { raw: 'grunt-concurrent@^0.5.0',
36 silly cache add   scope: null,
36 silly cache add   name: 'grunt-concurrent',
36 silly cache add   rawSpec: '^0.5.0',
36 silly cache add   spec: '>=0.5.0 <0.6.0',
36 silly cache add   type: 'range' }
37 verbose addNamed grunt-concurrent@>=0.5.0 <0.6.0
38 silly addNamed semver.valid null
39 silly addNamed semver.validRange >=0.5.0 <0.6.0
40 silly addNameRange { name: 'grunt-concurrent',
40 silly addNameRange   range: '>=0.5.0 <0.6.0',
40 silly addNameRange   hasData: false }
41 silly mapToRegistry name grunt-concurrent
42 silly mapToRegistry using default registry
43 silly mapToRegistry registry https://registry.npmjs.org/
44 silly mapToRegistry uri https://registry.npmjs.org/grunt-concurrent
45 verbose addNameRange registry:https://registry.npmjs.org/grunt-concurrent not in flight; fetching
46 silly cache add args [ 'grunt-contrib-clean@^0.5.0', null ]
47 verbose cache add spec grunt-contrib-clean@^0.5.0
48 silly cache add parsed spec { raw: 'grunt-contrib-clean@^0.5.0',
48 silly cache add   scope: null,
48 silly cache add   name: 'grunt-contrib-clean',
48 silly cache add   rawSpec: '^0.5.0',
48 silly cache add   spec: '>=0.5.0 <0.6.0',
48 silly cache add   type: 'range' }
49 verbose addNamed grunt-contrib-clean@>=0.5.0 <0.6.0
50 silly addNamed semver.valid null
51 silly addNamed semver.validRange >=0.5.0 <0.6.0
52 silly addNameRange { name: 'grunt-contrib-clean',
52 silly addNameRange   range: '>=0.5.0 <0.6.0',
52 silly addNameRange   hasData: false }
53 silly mapToRegistry name grunt-contrib-clean
54 silly mapToRegistry using default registry
55 silly mapToRegistry registry https://registry.npmjs.org/
56 silly mapToRegistry uri https://registry.npmjs.org/grunt-contrib-clean
57 verbose addNameRange registry:https://registry.npmjs.org/grunt-contrib-clean not in flight; fetching
58 silly cache add args [ 'grunt-contrib-compass@^0.7.2', null ]
59 verbose cache add spec grunt-contrib-compass@^0.7.2
60 silly cache add parsed spec { raw: 'grunt-contrib-compass@^0.7.2',
60 silly cache add   scope: null,
60 silly cache add   name: 'grunt-contrib-compass',
60 silly cache add   rawSpec: '^0.7.2',
60 silly cache add   spec: '>=0.7.2 <0.8.0',
60 silly cache add   type: 'range' }
61 verbose addNamed grunt-contrib-compass@>=0.7.2 <0.8.0
62 silly addNamed semver.valid null
63 silly addNamed semver.validRange >=0.7.2 <0.8.0
64 silly addNameRange { name: 'grunt-contrib-compass',
64 silly addNameRange   range: '>=0.7.2 <0.8.0',
64 silly addNameRange   hasData: false }
65 silly mapToRegistry name grunt-contrib-compass
66 silly mapToRegistry using default registry
67 silly mapToRegistry registry https://registry.npmjs.org/
68 silly mapToRegistry uri https://registry.npmjs.org/grunt-contrib-compass
69 verbose addNameRange registry:https://registry.npmjs.org/grunt-contrib-compass not in flight; fetching
70 silly cache add args [ 'grunt-contrib-concat@^0.4.0', null ]
71 verbose cache add spec grunt-contrib-concat@^0.4.0
72 silly cache add parsed spec { raw: 'grunt-contrib-concat@^0.4.0',
72 silly cache add   scope: null,
72 silly cache add   name: 'grunt-contrib-concat',
72 silly cache add   rawSpec: '^0.4.0',
72 silly cache add   spec: '>=0.4.0 <0.5.0',
72 silly cache add   type: 'range' }
73 verbose addNamed grunt-contrib-concat@>=0.4.0 <0.5.0
74 silly addNamed semver.valid null
75 silly addNamed semver.validRange >=0.4.0 <0.5.0
76 silly addNameRange { name: 'grunt-contrib-concat',
76 silly addNameRange   range: '>=0.4.0 <0.5.0',
76 silly addNameRange   hasData: false }
77 silly mapToRegistry name grunt-contrib-concat
78 silly mapToRegistry using default registry
79 silly mapToRegistry registry https://registry.npmjs.org/
80 silly mapToRegistry uri https://registry.npmjs.org/grunt-contrib-concat
81 verbose addNameRange registry:https://registry.npmjs.org/grunt-contrib-concat not in flight; fetching
82 silly cache add args [ 'grunt-contrib-connect@^0.7.1', null ]
83 verbose cache add spec grunt-contrib-connect@^0.7.1
84 silly cache add parsed spec { raw: 'grunt-contrib-connect@^0.7.1',
84 silly cache add   scope: null,
84 silly cache add   name: 'grunt-contrib-connect',
84 silly cache add   rawSpec: '^0.7.1',
84 silly cache add   spec: '>=0.7.1 <0.8.0',
84 silly cache add   type: 'range' }
85 verbose addNamed grunt-contrib-connect@>=0.7.1 <0.8.0
86 silly addNamed semver.valid null
87 silly addNamed semver.validRange >=0.7.1 <0.8.0
88 silly addNameRange { name: 'grunt-contrib-connect',
88 silly addNameRange   range: '>=0.7.1 <0.8.0',
88 silly addNameRange   hasData: false }
89 silly mapToRegistry name grunt-contrib-connect
90 silly mapToRegistry using default registry
91 silly mapToRegistry registry https://registry.npmjs.org/
92 silly mapToRegistry uri https://registry.npmjs.org/grunt-contrib-connect
93 verbose addNameRange registry:https://registry.npmjs.org/grunt-contrib-connect not in flight; fetching
94 silly cache add args [ 'grunt-contrib-copy@^0.5.0', null ]
95 verbose cache add spec grunt-contrib-copy@^0.5.0
96 silly cache add parsed spec { raw: 'grunt-contrib-copy@^0.5.0',
96 silly cache add   scope: null,
96 silly cache add   name: 'grunt-contrib-copy',
96 silly cache add   rawSpec: '^0.5.0',
96 silly cache add   spec: '>=0.5.0 <0.6.0',
96 silly cache add   type: 'range' }
97 verbose addNamed grunt-contrib-copy@>=0.5.0 <0.6.0
98 silly addNamed semver.valid null
99 silly addNamed semver.validRange >=0.5.0 <0.6.0
100 silly addNameRange { name: 'grunt-contrib-copy',
100 silly addNameRange   range: '>=0.5.0 <0.6.0',
100 silly addNameRange   hasData: false }
101 silly mapToRegistry name grunt-contrib-copy
102 silly mapToRegistry using default registry
103 silly mapToRegistry registry https://registry.npmjs.org/
104 silly mapToRegistry uri https://registry.npmjs.org/grunt-contrib-copy
105 verbose addNameRange registry:https://registry.npmjs.org/grunt-contrib-copy not in flight; fetching
106 silly cache add args [ 'grunt-contrib-cssmin@^0.9.0', null ]
107 verbose cache add spec grunt-contrib-cssmin@^0.9.0
108 silly cache add parsed spec { raw: 'grunt-contrib-cssmin@^0.9.0',
108 silly cache add   scope: null,
108 silly cache add   name: 'grunt-contrib-cssmin',
108 silly cache add   rawSpec: '^0.9.0',
108 silly cache add   spec: '>=0.9.0 <0.10.0',
108 silly cache add   type: 'range' }
109 verbose addNamed grunt-contrib-cssmin@>=0.9.0 <0.10.0
110 silly addNamed semver.valid null
111 silly addNamed semver.validRange >=0.9.0 <0.10.0
112 silly addNameRange { name: 'grunt-contrib-cssmin',
112 silly addNameRange   range: '>=0.9.0 <0.10.0',
112 silly addNameRange   hasData: false }
113 silly mapToRegistry name grunt-contrib-cssmin
114 silly mapToRegistry using default registry
115 silly mapToRegistry registry https://registry.npmjs.org/
116 silly mapToRegistry uri https://registry.npmjs.org/grunt-contrib-cssmin
117 verbose addNameRange registry:https://registry.npmjs.org/grunt-contrib-cssmin not in flight; fetching
118 silly cache add args [ 'grunt-contrib-htmlmin@^0.3.0', null ]
119 verbose cache add spec grunt-contrib-htmlmin@^0.3.0
120 silly cache add parsed spec { raw: 'grunt-contrib-htmlmin@^0.3.0',
120 silly cache add   scope: null,
120 silly cache add   name: 'grunt-contrib-htmlmin',
120 silly cache add   rawSpec: '^0.3.0',
120 silly cache add   spec: '>=0.3.0 <0.4.0',
120 silly cache add   type: 'range' }
121 verbose addNamed grunt-contrib-htmlmin@>=0.3.0 <0.4.0
122 silly addNamed semver.valid null
123 silly addNamed semver.validRange >=0.3.0 <0.4.0
124 silly addNameRange { name: 'grunt-contrib-htmlmin',
124 silly addNameRange   range: '>=0.3.0 <0.4.0',
124 silly addNameRange   hasData: false }
125 silly mapToRegistry name grunt-contrib-htmlmin
126 silly mapToRegistry using default registry
127 silly mapToRegistry registry https://registry.npmjs.org/
128 silly mapToRegistry uri https://registry.npmjs.org/grunt-contrib-htmlmin
129 verbose addNameRange registry:https://registry.npmjs.org/grunt-contrib-htmlmin not in flight; fetching
130 silly cache add args [ 'grunt-contrib-imagemin@^0.8.1', null ]
131 verbose cache add spec grunt-contrib-imagemin@^0.8.1
132 silly cache add parsed spec { raw: 'grunt-contrib-imagemin@^0.8.1',
132 silly cache add   scope: null,
132 silly cache add   name: 'grunt-contrib-imagemin',
132 silly cache add   rawSpec: '^0.8.1',
132 silly cache add   spec: '>=0.8.1 <0.9.0',
132 silly cache add   type: 'range' }
133 verbose addNamed grunt-contrib-imagemin@>=0.8.1 <0.9.0
134 silly addNamed semver.valid null
135 silly addNamed semver.validRange >=0.8.1 <0.9.0
136 silly addNameRange { name: 'grunt-contrib-imagemin',
136 silly addNameRange   range: '>=0.8.1 <0.9.0',
136 silly addNameRange   hasData: false }
137 silly mapToRegistry name grunt-contrib-imagemin
138 silly mapToRegistry using default registry
139 silly mapToRegistry registry https://registry.npmjs.org/
140 silly mapToRegistry uri https://registry.npmjs.org/grunt-contrib-imagemin
141 verbose addNameRange registry:https://registry.npmjs.org/grunt-contrib-imagemin not in flight; fetching
142 silly cache add args [ 'grunt-contrib-jshint@^0.10.0', null ]
143 verbose cache add spec grunt-contrib-jshint@^0.10.0
144 silly cache add parsed spec { raw: 'grunt-contrib-jshint@^0.10.0',
144 silly cache add   scope: null,
144 silly cache add   name: 'grunt-contrib-jshint',
144 silly cache add   rawSpec: '^0.10.0',
144 silly cache add   spec: '>=0.10.0 <0.11.0',
144 silly cache add   type: 'range' }
145 verbose addNamed grunt-contrib-jshint@>=0.10.0 <0.11.0
146 silly addNamed semver.valid null
147 silly addNamed semver.validRange >=0.10.0 <0.11.0
148 silly addNameRange { name: 'grunt-contrib-jshint',
148 silly addNameRange   range: '>=0.10.0 <0.11.0',
148 silly addNameRange   hasData: false }
149 silly mapToRegistry name grunt-contrib-jshint
150 silly mapToRegistry using default registry
151 silly mapToRegistry registry https://registry.npmjs.org/
152 silly mapToRegistry uri https://registry.npmjs.org/grunt-contrib-jshint
153 verbose addNameRange registry:https://registry.npmjs.org/grunt-contrib-jshint not in flight; fetching
154 silly cache add args [ 'grunt-contrib-uglify@^0.4.0', null ]
155 verbose cache add spec grunt-contrib-uglify@^0.4.0
156 silly cache add parsed spec { raw: 'grunt-contrib-uglify@^0.4.0',
156 silly cache add   scope: null,
156 silly cache add   name: 'grunt-contrib-uglify',
156 silly cache add   rawSpec: '^0.4.0',
156 silly cache add   spec: '>=0.4.0 <0.5.0',
156 silly cache add   type: 'range' }
157 verbose addNamed grunt-contrib-uglify@>=0.4.0 <0.5.0
158 silly addNamed semver.valid null
159 silly addNamed semver.validRange >=0.4.0 <0.5.0
160 silly addNameRange { name: 'grunt-contrib-uglify',
160 silly addNameRange   range: '>=0.4.0 <0.5.0',
160 silly addNameRange   hasData: false }
161 silly mapToRegistry name grunt-contrib-uglify
162 silly mapToRegistry using default registry
163 silly mapToRegistry registry https://registry.npmjs.org/
164 silly mapToRegistry uri https://registry.npmjs.org/grunt-contrib-uglify
165 verbose addNameRange registry:https://registry.npmjs.org/grunt-contrib-uglify not in flight; fetching
166 silly cache add args [ 'grunt-contrib-watch@^0.6.1', null ]
167 verbose cache add spec grunt-contrib-watch@^0.6.1
168 silly cache add parsed spec { raw: 'grunt-contrib-watch@^0.6.1',
168 silly cache add   scope: null,
168 silly cache add   name: 'grunt-contrib-watch',
168 silly cache add   rawSpec: '^0.6.1',
168 silly cache add   spec: '>=0.6.1 <0.7.0',
168 silly cache add   type: 'range' }
169 verbose addNamed grunt-contrib-watch@>=0.6.1 <0.7.0
170 silly addNamed semver.valid null
171 silly addNamed semver.validRange >=0.6.1 <0.7.0
172 silly addNameRange { name: 'grunt-contrib-watch',
172 silly addNameRange   range: '>=0.6.1 <0.7.0',
172 silly addNameRange   hasData: false }
173 silly mapToRegistry name grunt-contrib-watch
174 silly mapToRegistry using default registry
175 silly mapToRegistry registry https://registry.npmjs.org/
176 silly mapToRegistry uri https://registry.npmjs.org/grunt-contrib-watch
177 verbose addNameRange registry:https://registry.npmjs.org/grunt-contrib-watch not in flight; fetching
178 silly cache add args [ 'grunt-filerev@^0.2.1', null ]
179 verbose cache add spec grunt-filerev@^0.2.1
180 silly cache add parsed spec { raw: 'grunt-filerev@^0.2.1',
180 silly cache add   scope: null,
180 silly cache add   name: 'grunt-filerev',
180 silly cache add   rawSpec: '^0.2.1',
180 silly cache add   spec: '>=0.2.1 <0.3.0',
180 silly cache add   type: 'range' }
181 verbose addNamed grunt-filerev@>=0.2.1 <0.3.0
182 silly addNamed semver.valid null
183 silly addNamed semver.validRange >=0.2.1 <0.3.0
184 silly addNameRange { name: 'grunt-filerev',
184 silly addNameRange   range: '>=0.2.1 <0.3.0',
184 silly addNameRange   hasData: false }
185 silly mapToRegistry name grunt-filerev
186 silly mapToRegistry using default registry
187 silly mapToRegistry registry https://registry.npmjs.org/
188 silly mapToRegistry uri https://registry.npmjs.org/grunt-filerev
189 verbose addNameRange registry:https://registry.npmjs.org/grunt-filerev not in flight; fetching
190 silly cache add args [ 'grunt-google-cdn@^0.4.0', null ]
191 verbose cache add spec grunt-google-cdn@^0.4.0
192 silly cache add parsed spec { raw: 'grunt-google-cdn@^0.4.0',
192 silly cache add   scope: null,
192 silly cache add   name: 'grunt-google-cdn',
192 silly cache add   rawSpec: '^0.4.0',
192 silly cache add   spec: '>=0.4.0 <0.5.0',
192 silly cache add   type: 'range' }
193 verbose addNamed grunt-google-cdn@>=0.4.0 <0.5.0
194 silly addNamed semver.valid null
195 silly addNamed semver.validRange >=0.4.0 <0.5.0
196 silly addNameRange { name: 'grunt-google-cdn',
196 silly addNameRange   range: '>=0.4.0 <0.5.0',
196 silly addNameRange   hasData: false }
197 silly mapToRegistry name grunt-google-cdn
198 silly mapToRegistry using default registry
199 silly mapToRegistry registry https://registry.npmjs.org/
200 silly mapToRegistry uri https://registry.npmjs.org/grunt-google-cdn
201 verbose addNameRange registry:https://registry.npmjs.org/grunt-google-cdn not in flight; fetching
202 silly cache add args [ 'grunt-newer@^0.7.0', null ]
203 verbose cache add spec grunt-newer@^0.7.0
204 silly cache add parsed spec { raw: 'grunt-newer@^0.7.0',
204 silly cache add   scope: null,
204 silly cache add   name: 'grunt-newer',
204 silly cache add   rawSpec: '^0.7.0',
204 silly cache add   spec: '>=0.7.0 <0.8.0',
204 silly cache add   type: 'range' }
205 verbose addNamed grunt-newer@>=0.7.0 <0.8.0
206 silly addNamed semver.valid null
207 silly addNamed semver.validRange >=0.7.0 <0.8.0
208 silly addNameRange { name: 'grunt-newer', range: '>=0.7.0 <0.8.0', hasData: false }
209 silly mapToRegistry name grunt-newer
210 silly mapToRegistry using default registry
211 silly mapToRegistry registry https://registry.npmjs.org/
212 silly mapToRegistry uri https://registry.npmjs.org/grunt-newer
213 verbose addNameRange registry:https://registry.npmjs.org/grunt-newer not in flight; fetching
214 silly cache add args [ 'grunt-ng-annotate@^0.4.0', null ]
215 verbose cache add spec grunt-ng-annotate@^0.4.0
216 silly cache add parsed spec { raw: 'grunt-ng-annotate@^0.4.0',
216 silly cache add   scope: null,
216 silly cache add   name: 'grunt-ng-annotate',
216 silly cache add   rawSpec: '^0.4.0',
216 silly cache add   spec: '>=0.4.0 <0.5.0',
216 silly cache add   type: 'range' }
217 verbose addNamed grunt-ng-annotate@>=0.4.0 <0.5.0
218 silly addNamed semver.valid null
219 silly addNamed semver.validRange >=0.4.0 <0.5.0
220 silly addNameRange { name: 'grunt-ng-annotate',
220 silly addNameRange   range: '>=0.4.0 <0.5.0',
220 silly addNameRange   hasData: false }
221 silly mapToRegistry name grunt-ng-annotate
222 silly mapToRegistry using default registry
223 silly mapToRegistry registry https://registry.npmjs.org/
224 silly mapToRegistry uri https://registry.npmjs.org/grunt-ng-annotate
225 verbose addNameRange registry:https://registry.npmjs.org/grunt-ng-annotate not in flight; fetching
226 silly cache add args [ 'grunt-svgmin@^0.4.0', null ]
227 verbose cache add spec grunt-svgmin@^0.4.0
228 silly cache add parsed spec { raw: 'grunt-svgmin@^0.4.0',
228 silly cache add   scope: null,
228 silly cache add   name: 'grunt-svgmin',
228 silly cache add   rawSpec: '^0.4.0',
228 silly cache add   spec: '>=0.4.0 <0.5.0',
228 silly cache add   type: 'range' }
229 verbose addNamed grunt-svgmin@>=0.4.0 <0.5.0
230 silly addNamed semver.valid null
231 silly addNamed semver.validRange >=0.4.0 <0.5.0
232 silly addNameRange { name: 'grunt-svgmin', range: '>=0.4.0 <0.5.0', hasData: false }
233 silly mapToRegistry name grunt-svgmin
234 silly mapToRegistry using default registry
235 silly mapToRegistry registry https://registry.npmjs.org/
236 silly mapToRegistry uri https://registry.npmjs.org/grunt-svgmin
237 verbose addNameRange registry:https://registry.npmjs.org/grunt-svgmin not in flight; fetching
238 silly cache add args [ 'grunt-usemin@^2.1.1', null ]
239 verbose cache add spec grunt-usemin@^2.1.1
240 silly cache add parsed spec { raw: 'grunt-usemin@^2.1.1',
240 silly cache add   scope: null,
240 silly cache add   name: 'grunt-usemin',
240 silly cache add   rawSpec: '^2.1.1',
240 silly cache add   spec: '>=2.1.1 <3.0.0',
240 silly cache add   type: 'range' }
241 verbose addNamed grunt-usemin@>=2.1.1 <3.0.0
242 silly addNamed semver.valid null
243 silly addNamed semver.validRange >=2.1.1 <3.0.0
244 silly addNameRange { name: 'grunt-usemin', range: '>=2.1.1 <3.0.0', hasData: false }
245 silly mapToRegistry name grunt-usemin
246 silly mapToRegistry using default registry
247 silly mapToRegistry registry https://registry.npmjs.org/
248 silly mapToRegistry uri https://registry.npmjs.org/grunt-usemin
249 verbose addNameRange registry:https://registry.npmjs.org/grunt-usemin not in flight; fetching
250 silly cache add args [ 'grunt-wiredep@^1.7.0', null ]
251 verbose cache add spec grunt-wiredep@^1.7.0
252 silly cache add parsed spec { raw: 'grunt-wiredep@^1.7.0',
252 silly cache add   scope: null,
252 silly cache add   name: 'grunt-wiredep',
252 silly cache add   rawSpec: '^1.7.0',
252 silly cache add   spec: '>=1.7.0 <2.0.0',
252 silly cache add   type: 'range' }
253 verbose addNamed grunt-wiredep@>=1.7.0 <2.0.0
254 silly addNamed semver.valid null
255 silly addNamed semver.validRange >=1.7.0 <2.0.0
256 silly addNameRange { name: 'grunt-wiredep',
256 silly addNameRange   range: '>=1.7.0 <2.0.0',
256 silly addNameRange   hasData: false }
257 silly mapToRegistry name grunt-wiredep
258 silly mapToRegistry using default registry
259 silly mapToRegistry registry https://registry.npmjs.org/
260 silly mapToRegistry uri https://registry.npmjs.org/grunt-wiredep
261 verbose addNameRange registry:https://registry.npmjs.org/grunt-wiredep not in flight; fetching
262 silly cache add args [ 'jshint-stylish@^0.2.0', null ]
263 verbose cache add spec jshint-stylish@^0.2.0
264 silly cache add parsed spec { raw: 'jshint-stylish@^0.2.0',
264 silly cache add   scope: null,
264 silly cache add   name: 'jshint-stylish',
264 silly cache add   rawSpec: '^0.2.0',
264 silly cache add   spec: '>=0.2.0 <0.3.0',
264 silly cache add   type: 'range' }
265 verbose addNamed jshint-stylish@>=0.2.0 <0.3.0
266 silly addNamed semver.valid null
267 silly addNamed semver.validRange >=0.2.0 <0.3.0
268 silly addNameRange { name: 'jshint-stylish',
268 silly addNameRange   range: '>=0.2.0 <0.3.0',
268 silly addNameRange   hasData: false }
269 silly mapToRegistry name jshint-stylish
270 silly mapToRegistry using default registry
271 silly mapToRegistry registry https://registry.npmjs.org/
272 silly mapToRegistry uri https://registry.npmjs.org/jshint-stylish
273 verbose addNameRange registry:https://registry.npmjs.org/jshint-stylish not in flight; fetching
274 silly cache add args [ 'load-grunt-tasks@^0.4.0', null ]
275 verbose cache add spec load-grunt-tasks@^0.4.0
276 silly cache add parsed spec { raw: 'load-grunt-tasks@^0.4.0',
276 silly cache add   scope: null,
276 silly cache add   name: 'load-grunt-tasks',
276 silly cache add   rawSpec: '^0.4.0',
276 silly cache add   spec: '>=0.4.0 <0.5.0',
276 silly cache add   type: 'range' }
277 verbose addNamed load-grunt-tasks@>=0.4.0 <0.5.0
278 silly addNamed semver.valid null
279 silly addNamed semver.validRange >=0.4.0 <0.5.0
280 silly addNameRange { name: 'load-grunt-tasks',
280 silly addNameRange   range: '>=0.4.0 <0.5.0',
280 silly addNameRange   hasData: false }
281 silly mapToRegistry name load-grunt-tasks
282 silly mapToRegistry using default registry
283 silly mapToRegistry registry https://registry.npmjs.org/
284 silly mapToRegistry uri https://registry.npmjs.org/load-grunt-tasks
285 verbose addNameRange registry:https://registry.npmjs.org/load-grunt-tasks not in flight; fetching
286 silly cache add args [ 'time-grunt@^0.3.1', null ]
287 verbose cache add spec time-grunt@^0.3.1
288 silly cache add parsed spec { raw: 'time-grunt@^0.3.1',
288 silly cache add   scope: null,
288 silly cache add   name: 'time-grunt',
288 silly cache add   rawSpec: '^0.3.1',
288 silly cache add   spec: '>=0.3.1 <0.4.0',
288 silly cache add   type: 'range' }
289 verbose addNamed time-grunt@>=0.3.1 <0.4.0
290 silly addNamed semver.valid null
291 silly addNamed semver.validRange >=0.3.1 <0.4.0
292 silly addNameRange { name: 'time-grunt', range: '>=0.3.1 <0.4.0', hasData: false }
293 silly mapToRegistry name time-grunt
294 silly mapToRegistry using default registry
295 silly mapToRegistry registry https://registry.npmjs.org/
296 silly mapToRegistry uri https://registry.npmjs.org/time-grunt
297 verbose addNameRange registry:https://registry.npmjs.org/time-grunt not in flight; fetching
298 verbose request uri https://registry.npmjs.org/grunt-autoprefixer
299 verbose request no auth needed
300 info attempt registry request try #1 at 08:08:28
301 verbose request id 2f417bbf534fc042
302 http request GET https://registry.npmjs.org/grunt-autoprefixer
303 verbose request uri https://registry.npmjs.org/grunt-concurrent
304 verbose request no auth needed
305 info attempt registry request try #1 at 08:08:28
306 http request GET https://registry.npmjs.org/grunt-concurrent
307 verbose request uri https://registry.npmjs.org/grunt-contrib-clean
308 verbose request no auth needed
309 info attempt registry request try #1 at 08:08:28
310 http request GET https://registry.npmjs.org/grunt-contrib-clean
311 verbose request uri https://registry.npmjs.org/grunt-contrib-compass
312 verbose request no auth needed
313 info attempt registry request try #1 at 08:08:28
314 http request GET https://registry.npmjs.org/grunt-contrib-compass
315 verbose request uri https://registry.npmjs.org/grunt-contrib-concat
316 verbose request no auth needed
317 info attempt registry request try #1 at 08:08:28
318 http request GET https://registry.npmjs.org/grunt-contrib-concat
319 verbose request uri https://registry.npmjs.org/grunt-contrib-connect
320 verbose request no auth needed
321 info attempt registry request try #1 at 08:08:28
322 http request GET https://registry.npmjs.org/grunt-contrib-connect
323 verbose request uri https://registry.npmjs.org/grunt-contrib-copy
324 verbose request no auth needed
325 info attempt registry request try #1 at 08:08:28
326 http request GET https://registry.npmjs.org/grunt-contrib-copy
327 verbose request uri https://registry.npmjs.org/grunt-contrib-cssmin
328 verbose request no auth needed
329 info attempt registry request try #1 at 08:08:28
330 http request GET https://registry.npmjs.org/grunt-contrib-cssmin
331 verbose request uri https://registry.npmjs.org/grunt-contrib-htmlmin
332 verbose request no auth needed
333 info attempt registry request try #1 at 08:08:28
334 http request GET https://registry.npmjs.org/grunt-contrib-htmlmin
335 verbose request uri https://registry.npmjs.org/grunt-contrib-imagemin
336 verbose request no auth needed
337 info attempt registry request try #1 at 08:08:28
338 http request GET https://registry.npmjs.org/grunt-contrib-imagemin
339 verbose request uri https://registry.npmjs.org/grunt-contrib-jshint
340 verbose request no auth needed
341 info attempt registry request try #1 at 08:08:28
342 http request GET https://registry.npmjs.org/grunt-contrib-jshint
343 verbose request uri https://registry.npmjs.org/grunt-contrib-uglify
344 verbose request no auth needed
345 info attempt registry request try #1 at 08:08:28
346 http request GET https://registry.npmjs.org/grunt-contrib-uglify
347 verbose request uri https://registry.npmjs.org/grunt-contrib-watch
348 verbose request no auth needed
349 info attempt registry request try #1 at 08:08:28
350 http request GET https://registry.npmjs.org/grunt-contrib-watch
351 verbose request uri https://registry.npmjs.org/grunt-filerev
352 verbose request no auth needed
353 info attempt registry request try #1 at 08:08:28
354 http request GET https://registry.npmjs.org/grunt-filerev
355 verbose request uri https://registry.npmjs.org/grunt-google-cdn
356 verbose request no auth needed
357 info attempt registry request try #1 at 08:08:28
358 http request GET https://registry.npmjs.org/grunt-google-cdn
359 verbose request uri https://registry.npmjs.org/grunt-newer
360 verbose request no auth needed
361 info attempt registry request try #1 at 08:08:28
362 http request GET https://registry.npmjs.org/grunt-newer
363 verbose request uri https://registry.npmjs.org/grunt-ng-annotate
364 verbose request no auth needed
365 info attempt registry request try #1 at 08:08:28
366 http request GET https://registry.npmjs.org/grunt-ng-annotate
367 verbose request uri https://registry.npmjs.org/grunt-svgmin
368 verbose request no auth needed
369 info attempt registry request try #1 at 08:08:28
370 http request GET https://registry.npmjs.org/grunt-svgmin
371 verbose request uri https://registry.npmjs.org/grunt-usemin
372 verbose request no auth needed
373 info attempt registry request try #1 at 08:08:28
374 http request GET https://registry.npmjs.org/grunt-usemin
375 verbose request uri https://registry.npmjs.org/grunt-wiredep
376 verbose request no auth needed
377 info attempt registry request try #1 at 08:08:28
378 http request GET https://registry.npmjs.org/grunt-wiredep
379 verbose request uri https://registry.npmjs.org/jshint-stylish
380 verbose request no auth needed
381 info attempt registry request try #1 at 08:08:28
382 http request GET https://registry.npmjs.org/jshint-stylish
383 verbose request uri https://registry.npmjs.org/load-grunt-tasks
384 verbose request no auth needed
385 info attempt registry request try #1 at 08:08:28
386 http request GET https://registry.npmjs.org/load-grunt-tasks
387 verbose request uri https://registry.npmjs.org/time-grunt
388 verbose request no auth needed
389 info attempt registry request try #1 at 08:08:28
390 http request GET https://registry.npmjs.org/time-grunt
391 verbose request uri https://registry.npmjs.org/grunt
392 verbose request no auth needed
393 info attempt registry request try #1 at 08:08:28
394 verbose etag "C2BU4GESW5Q7AOZB3O0PC8GHK"
395 http request GET https://registry.npmjs.org/grunt
396 http 200 https://registry.npmjs.org/grunt-autoprefixer
397 silly get cb [ 200,
397 silly get   { date: 'Mon, 15 Dec 2014 16:08:31 GMT',
397 silly get     server: 'CouchDB/1.5.0 (Erlang OTP/R16B03)',
397 silly get     etag: '"EL2OGRNFRL7NRWOVV8GS3XNWV"',
397 silly get     'content-type': 'application/json',
397 silly get     'cache-control': 'max-age=60',
397 silly get     'content-length': '54222',
397 silly get     'accept-ranges': 'bytes',
397 silly get     via: '1.1 varnish',
397 silly get     age: '33',
397 silly get     'x-served-by': 'cache-ty68-TYO',
397 silly get     'x-cache': 'HIT',
397 silly get     'x-cache-hits': '3',
397 silly get     'x-timer': 'S1418659711.681738,VS0,VE0',
397 silly get     vary: 'Accept',
397 silly get     'keep-alive': 'timeout=10, max=50',
397 silly get     connection: 'Keep-Alive' } ]
398 http 200 https://registry.npmjs.org/grunt-contrib-clean
399 silly get cb [ 200,
399 silly get   { date: 'Mon, 15 Dec 2014 16:08:31 GMT',
399 silly get     server: 'CouchDB/1.5.0 (Erlang OTP/R16B03)',
399 silly get     etag: '"A8FU8IZ1WH6XT56U20QY24RO5"',
399 silly get     'content-type': 'application/json',
399 silly get     'cache-control': 'max-age=60',
399 silly get     'content-length': '23510',
399 silly get     'accept-ranges': 'bytes',
399 silly get     via: '1.1 varnish',
399 silly get     age: '41',
399 silly get     'x-served-by': 'cache-ty67-TYO',
399 silly get     'x-cache': 'HIT',
399 silly get     'x-cache-hits': '3',
399 silly get     'x-timer': 'S1418659711.702145,VS0,VE0',
399 silly get     vary: 'Accept',
399 silly get     'keep-alive': 'timeout=10, max=50',
399 silly get     connection: 'Keep-Alive' } ]
400 http 200 https://registry.npmjs.org/grunt-concurrent
401 silly get cb [ 200,
401 silly get   { date: 'Mon, 15 Dec 2014 16:08:31 GMT',
401 silly get     server: 'CouchDB/1.5.0 (Erlang OTP/R16B03)',
401 silly get     etag: '"A9ZCBUTGQ15FE90IVCRTYX0UG"',
401 silly get     'content-type': 'application/json',
401 silly get     'cache-control': 'max-age=60',
401 silly get     'content-length': '16942',
401 silly get     'accept-ranges': 'bytes',
401 silly get     via: '1.1 varnish',
401 silly get     age: '32',
401 silly get     'x-served-by': 'cache-ty68-TYO',
401 silly get     'x-cache': 'HIT',
401 silly get     'x-cache-hits': '2',
401 silly get     'x-timer': 'S1418659711.697502,VS0,VE0',
401 silly get     vary: 'Accept',
401 silly get     'keep-alive': 'timeout=10, max=50',
401 silly get     connection: 'Keep-Alive' } ]
402 silly addNameRange number 2 { name: 'grunt-autoprefixer',
402 silly addNameRange   range: '>=0.7.3 <0.8.0',
402 silly addNameRange   hasData: true }
403 silly addNameRange versions [ 'grunt-autoprefixer',
403 silly addNameRange   [ '0.1.0',
403 silly addNameRange     '0.1.20130424',
403 silly addNameRange     '0.1.20130516',
403 silly addNameRange     '0.1.20130615',
403 silly addNameRange     '0.2.0',
403 silly addNameRange     '0.2.20130718',
403 silly addNameRange     '0.2.20130806',
403 silly addNameRange     '0.3.0',
403 silly addNameRange     '0.3.1',
403 silly addNameRange     '0.4.0',
403 silly addNameRange     '0.4.1',
403 silly addNameRange     '0.4.2',
403 silly addNameRange     '0.5.0',
403 silly addNameRange     '0.6.0',
403 silly addNameRange     '0.6.1',
403 silly addNameRange     '0.6.2',
403 silly addNameRange     '0.6.3',
403 silly addNameRange     '0.6.4',
403 silly addNameRange     '0.6.5',
403 silly addNameRange     '0.7.0',
403 silly addNameRange     '0.7.1',
403 silly addNameRange     '0.7.2',
403 silly addNameRange     '0.7.3',
403 silly addNameRange     '0.7.4',
403 silly addNameRange     '0.7.5',
403 silly addNameRange     '0.7.6',
403 silly addNameRange     '0.8.0',
403 silly addNameRange     '0.8.1',
403 silly addNameRange     '0.8.2',
403 silly addNameRange     '1.0.0',
403 silly addNameRange     '1.0.1',
403 silly addNameRange     '2.0.0' ] ]
404 verbose addNamed grunt-autoprefixer@0.7.6
405 silly addNamed semver.valid 0.7.6
406 silly addNamed semver.validRange 0.7.6
407 silly addNameRange number 2 { name: 'grunt-contrib-clean',
407 silly addNameRange   range: '>=0.5.0 <0.6.0',
407 silly addNameRange   hasData: true }
408 silly addNameRange versions [ 'grunt-contrib-clean',
408 silly addNameRange   [ '0.1.0',
408 silly addNameRange     '0.2.0',
408 silly addNameRange     '0.3.0',
408 silly addNameRange     '0.3.1',
408 silly addNameRange     '0.3.2',
408 silly addNameRange     '0.4.0',
408 silly addNameRange     '0.4.1',
408 silly addNameRange     '0.5.0',
408 silly addNameRange     '0.6.0',
408 silly addNameRange     '0.4.0-a',
408 silly addNameRange     '0.4.0-rc5',
408 silly addNameRange     '0.4.0-rc6' ] ]
409 verbose addNamed grunt-contrib-clean@0.5.0
410 silly addNamed semver.valid 0.5.0
411 silly addNamed semver.validRange 0.5.0
412 silly addNameRange number 2 { name: 'grunt-concurrent',
412 silly addNameRange   range: '>=0.5.0 <0.6.0',
412 silly addNameRange   hasData: true }
413 silly addNameRange versions [ 'grunt-concurrent',
413 silly addNameRange   [ '0.1.0',
413 silly addNameRange     '0.1.1',
413 silly addNameRange     '0.2.0',
413 silly addNameRange     '0.3.0',
413 silly addNameRange     '0.3.1',
413 silly addNameRange     '0.4.0',
413 silly addNameRange     '0.4.1',
413 silly addNameRange     '0.4.2',
413 silly addNameRange     '0.4.3',
413 silly addNameRange     '0.5.0',
413 silly addNameRange     '1.0.0' ] ]
414 verbose addNamed grunt-concurrent@0.5.0
415 silly addNamed semver.valid 0.5.0
416 silly addNamed semver.validRange 0.5.0
417 http 200 https://registry.npmjs.org/grunt-contrib-concat
418 silly get cb [ 200,
418 silly get   { date: 'Mon, 15 Dec 2014 16:08:31 GMT',
418 silly get     server: 'CouchDB/1.5.0 (Erlang OTP/R16B03)',
418 silly get     etag: '"59TREHQ7WHWGJWOZRWFYZK8WR"',
418 silly get     'content-type': 'application/json',
418 silly get     'cache-control': 'max-age=60',
418 silly get     'content-length': '27908',
418 silly get     'accept-ranges': 'bytes',
418 silly get     via: '1.1 varnish',
418 silly get     age: '33',
418 silly get     'x-served-by': 'cache-ty66-TYO',
418 silly get     'x-cache': 'HIT',
418 silly get     'x-cache-hits': '3',
418 silly get     'x-timer': 'S1418659711.706354,VS0,VE0',
418 silly get     vary: 'Accept',
418 silly get     'keep-alive': 'timeout=10, max=50',
418 silly get     connection: 'Keep-Alive' } ]
419 http 200 https://registry.npmjs.org/grunt-contrib-copy
420 silly get cb [ 200,
420 silly get   { date: 'Mon, 15 Dec 2014 16:08:31 GMT',
420 silly get     server: 'CouchDB/1.5.0 (Erlang OTP/R14B04)',
420 silly get     etag: '"BWRBJMFPNFZWEUY50OBAAPP64"',
420 silly get     'content-type': 'application/json',
420 silly get     'cache-control': 'max-age=60',
420 silly get     'content-length': '31336',
420 silly get     'accept-ranges': 'bytes',
420 silly get     via: '1.1 varnish',
420 silly get     age: '41',
420 silly get     'x-served-by': 'cache-ty67-TYO',
420 silly get     'x-cache': 'HIT',
420 silly get     'x-cache-hits': '3',
420 silly get     'x-timer': 'S1418659711.716579,VS0,VE0',
420 silly get     vary: 'Accept',
420 silly get     'keep-alive': 'timeout=10, max=49',
420 silly get     connection: 'Keep-Alive' } ]
421 http 200 https://registry.npmjs.org/grunt-contrib-cssmin
422 silly get cb [ 200,
422 silly get   { date: 'Mon, 15 Dec 2014 16:08:31 GMT',
422 silly get     server: 'CouchDB/1.5.0 (Erlang OTP/R16B03)',
422 silly get     etag: '"3BA7H97V8PRJBYS3Y73CZMD0G"',
422 silly get     'content-type': 'application/json',
422 silly get     'cache-control': 'max-age=60',
422 silly get     'content-length': '24444',
422 silly get     'accept-ranges': 'bytes',
422 silly get     via: '1.1 varnish',
422 silly get     age: '40',
422 silly get     'x-served-by': 'cache-ty68-TYO',
422 silly get     'x-cache': 'HIT',
422 silly get     'x-cache-hits': '1',
422 silly get     'x-timer': 'S1418659711.711914,VS0,VE0',
422 silly get     vary: 'Accept',
422 silly get     'keep-alive': 'timeout=10, max=49',
422 silly get     connection: 'Keep-Alive' } ]
423 silly addNameRange number 2 { name: 'grunt-contrib-concat',
423 silly addNameRange   range: '>=0.4.0 <0.5.0',
423 silly addNameRange   hasData: true }
424 silly addNameRange versions [ 'grunt-contrib-concat',
424 silly addNameRange   [ '0.1.0',
424 silly addNameRange     '0.1.1',
424 silly addNameRange     '0.1.2',
424 silly addNameRange     '0.1.3',
424 silly addNameRange     '0.2.0',
424 silly addNameRange     '0.3.0',
424 silly addNameRange     '0.4.0',
424 silly addNameRange     '0.5.0',
424 silly addNameRange     '0.1.2-rc5',
424 silly addNameRange     '0.1.2-rc6' ] ]
425 verbose addNamed grunt-contrib-concat@0.4.0
426 silly addNamed semver.valid 0.4.0
427 silly addNamed semver.validRange 0.4.0
428 silly addNameRange number 2 { name: 'grunt-contrib-copy',
428 silly addNameRange   range: '>=0.5.0 <0.6.0',
428 silly addNameRange   hasData: true }
429 silly addNameRange versions [ 'grunt-contrib-copy',
429 silly addNameRange   [ '0.2.0',
429 silly addNameRange     '0.2.1',
429 silly addNameRange     '0.2.2',
429 silly addNameRange     '0.2.3',
429 silly addNameRange     '0.2.4',
429 silly addNameRange     '0.3.0',
429 silly addNameRange     '0.3.1',
429 silly addNameRange     '0.3.2',
429 silly addNameRange     '0.4.0',
429 silly addNameRange     '0.4.1',
429 silly addNameRange     '0.5.0',
429 silly addNameRange     '0.6.0',
429 silly addNameRange     '0.7.0',
429 silly addNameRange     '0.4.0-rc7' ] ]
430 verbose addNamed grunt-contrib-copy@0.5.0
431 silly addNamed semver.valid 0.5.0
432 silly addNamed semver.validRange 0.5.0
433 silly addNameRange number 2 { name: 'grunt-contrib-cssmin',
433 silly addNameRange   range: '>=0.9.0 <0.10.0',
433 silly addNameRange   hasData: true }
434 silly addNameRange versions [ 'grunt-contrib-cssmin',
434 silly addNameRange   [ '0.4.0',
434 silly addNameRange     '0.4.1',
434 silly addNameRange     '0.4.2',
434 silly addNameRange     '0.5.0',
434 silly addNameRange     '0.6.0',
434 silly addNameRange     '0.6.1',
434 silly addNameRange     '0.6.2',
434 silly addNameRange     '0.7.0',
434 silly addNameRange     '0.8.0',
434 silly addNameRange     '0.9.0',
434 silly addNameRange     '0.10.0' ] ]
435 verbose addNamed grunt-contrib-cssmin@0.9.0
436 silly addNamed semver.valid 0.9.0
437 silly addNamed semver.validRange 0.9.0
438 http 200 https://registry.npmjs.org/grunt-contrib-htmlmin
439 silly get cb [ 200,
439 silly get   { date: 'Mon, 15 Dec 2014 16:08:31 GMT',
439 silly get     server: 'CouchDB/1.5.0 (Erlang OTP/R16B03)',
439 silly get     etag: '"DMZQWTL1M972298S0TU2ZLFAV"',
439 silly get     'content-type': 'application/json',
439 silly get     'cache-control': 'max-age=60',
439 silly get     'content-length': '15198',
439 silly get     'accept-ranges': 'bytes',
439 silly get     via: '1.1 varnish',
439 silly get     age: '40',
439 silly get     'x-served-by': 'cache-ty66-TYO',
439 silly get     'x-cache': 'HIT',
439 silly get     'x-cache-hits': '4',
439 silly get     'x-timer': 'S1418659711.747752,VS0,VE0',
439 silly get     vary: 'Accept',
439 silly get     'keep-alive': 'timeout=10, max=49',
439 silly get     connection: 'Keep-Alive' } ]
440 http 200 https://registry.npmjs.org/grunt-contrib-imagemin
441 silly get cb [ 200,
441 silly get   { date: 'Mon, 15 Dec 2014 16:08:31 GMT',
441 silly get     server: 'CouchDB/1.5.0 (Erlang OTP/R16B03)',
441 silly get     etag: '"B3DJ7QEFSMT2MS1120WDP9HL"',
441 silly get     'content-type': 'application/json',
441 silly get     'cache-control': 'max-age=60',
441 silly get     'content-length': '51464',
441 silly get     'accept-ranges': 'bytes',
441 silly get     via: '1.1 varnish',
441 silly get     age: '40',
441 silly get     'x-served-by': 'cache-ty67-TYO',
441 silly get     'x-cache': 'HIT',
441 silly get     'x-cache-hits': '3',
441 silly get     'x-timer': 'S1418659711.754993,VS0,VE0',
441 silly get     vary: 'Accept',
441 silly get     'keep-alive': 'timeout=10, max=48',
441 silly get     connection: 'Keep-Alive' } ]
442 http 200 https://registry.npmjs.org/grunt-contrib-jshint
443 silly get cb [ 200,
443 silly get   { date: 'Mon, 15 Dec 2014 16:08:31 GMT',
443 silly get     server: 'CouchDB/1.5.0 (Erlang OTP/R16B03)',
443 silly get     etag: '"8FZXQQ8HRBW98B8MVZ9ZZEGM"',
443 silly get     'content-type': 'application/json',
443 silly get     'cache-control': 'max-age=60',
443 silly get     'content-length': '51784',
443 silly get     'accept-ranges': 'bytes',
443 silly get     via: '1.1 varnish',
443 silly get     age: '39',
443 silly get     'x-served-by': 'cache-ty68-TYO',
443 silly get     'x-cache': 'HIT',
443 silly get     'x-cache-hits': '1',
443 silly get     'x-timer': 'S1418659711.751007,VS0,VE0',
443 silly get     vary: 'Accept',
443 silly get     'keep-alive': 'timeout=10, max=48',
443 silly get     connection: 'Keep-Alive' } ]
444 silly addNameRange number 2 { name: 'grunt-contrib-htmlmin',
444 silly addNameRange   range: '>=0.3.0 <0.4.0',
444 silly addNameRange   hasData: true }
445 silly addNameRange versions [ 'grunt-contrib-htmlmin',
445 silly addNameRange   [ '0.1.0', '0.1.1', '0.1.2', '0.1.3', '0.1.1-rc7', '0.2.0', '0.3.0' ] ]
446 verbose addNamed grunt-contrib-htmlmin@0.3.0
447 silly addNamed semver.valid 0.3.0
448 silly addNamed semver.validRange 0.3.0
449 http 200 https://registry.npmjs.org/grunt-contrib-uglify
450 silly get cb [ 200,
450 silly get   { date: 'Mon, 15 Dec 2014 16:08:31 GMT',
450 silly get     server: 'CouchDB/1.5.0 (Erlang OTP/R16B03)',
450 silly get     etag: '"D8O7D30YRSFGTTNY2JLFJOZBH"',
450 silly get     'content-type': 'application/json',
450 silly get     'cache-control': 'max-age=60',
450 silly get     'content-length': '53360',
450 silly get     'accept-ranges': 'bytes',
450 silly get     via: '1.1 varnish',
450 silly get     age: '41',
450 silly get     'x-served-by': 'cache-ty66-TYO',
450 silly get     'x-cache': 'HIT',
450 silly get     'x-cache-hits': '1',
450 silly get     'x-timer': 'S1418659711.757174,VS0,VE0',
450 silly get     vary: 'Accept',
450 silly get     'keep-alive': 'timeout=10, max=48',
450 silly get     connection: 'Keep-Alive' } ]
451 silly addNameRange number 2 { name: 'grunt-contrib-imagemin',
451 silly addNameRange   range: '>=0.8.1 <0.9.0',
451 silly addNameRange   hasData: true }
452 silly addNameRange versions [ 'grunt-contrib-imagemin',
452 silly addNameRange   [ '0.1.0',
452 silly addNameRange     '0.1.1',
452 silly addNameRange     '0.1.2',
452 silly addNameRange     '0.1.3',
452 silly addNameRange     '0.1.4',
452 silly addNameRange     '0.1.1-rc7',
452 silly addNameRange     '0.1.1-rc8',
452 silly addNameRange     '0.2.0',
452 silly addNameRange     '0.2.1',
452 silly addNameRange     '0.3.0',
452 silly addNameRange     '0.4.0',
452 silly addNameRange     '0.4.1',
452 silly addNameRange     '0.5.0',
452 silly addNameRange     '0.6.0',
452 silly addNameRange     '0.6.1',
452 silly addNameRange     '0.7.0',
452 silly addNameRange     '0.7.1',
452 silly addNameRange     '0.7.2',
452 silly addNameRange     '0.8.0',
452 silly addNameRange     '0.8.1',
452 silly addNameRange     '0.9.0',
452 silly addNameRange     '0.9.1',
452 silly addNameRange     '0.9.2' ] ]
453 verbose addNamed grunt-contrib-imagemin@0.8.1
454 silly addNamed semver.valid 0.8.1
455 silly addNamed semver.validRange 0.8.1
456 silly addNameRange number 2 { name: 'grunt-contrib-jshint',
456 silly addNameRange   range: '>=0.10.0 <0.11.0',
456 silly addNameRange   hasData: true }
457 silly addNameRange versions [ 'grunt-contrib-jshint',
457 silly addNameRange   [ '0.1.0',
457 silly addNameRange     '0.1.1',
457 silly addNameRange     '0.2.0',
457 silly addNameRange     '0.3.0',
457 silly addNameRange     '0.4.0',
457 silly addNameRange     '0.4.1',
457 silly addNameRange     '0.4.2',
457 silly addNameRange     '0.4.3',
457 silly addNameRange     '0.5.0',
457 silly addNameRange     '0.5.1',
457 silly addNameRange     '0.5.2',
457 silly addNameRange     '0.5.3',
457 silly addNameRange     '0.5.4',
457 silly addNameRange     '0.6.0',
457 silly addNameRange     '0.6.1',
457 silly addNameRange     '0.6.2',
457 silly addNameRange     '0.6.3',
457 silly addNameRange     '0.6.4',
457 silly addNameRange     '0.6.5',
457 silly addNameRange     '0.7.0',
457 silly addNameRange     '0.7.1',
457 silly addNameRange     '0.7.2',
457 silly addNameRange     '0.8.0',
457 silly addNameRange     '0.9.0',
457 silly addNameRange     '0.9.1',
457 silly addNameRange     '0.9.2',
457 silly addNameRange     '0.10.0',
457 silly addNameRange     '0.1.1-rc5',
457 silly addNameRange     '0.1.1-rc6' ] ]
458 verbose addNamed grunt-contrib-jshint@0.10.0
459 silly addNamed semver.valid 0.10.0
460 silly addNamed semver.validRange 0.10.0
461 http 200 https://registry.npmjs.org/grunt-contrib-watch
462 silly get cb [ 200,
462 silly get   { date: 'Mon, 15 Dec 2014 16:08:31 GMT',
462 silly get     server: 'CouchDB/1.5.0 (Erlang OTP/R16B03)',
462 silly get     etag: '"EYOOWCCILBOSCHCELD9ETYLQ3"',
462 silly get     'content-type': 'application/json',
462 silly get     'cache-control': 'max-age=60',
462 silly get     'content-length': '59924',
462 silly get     'accept-ranges': 'bytes',
462 silly get     via: '1.1 varnish',
462 silly get     age: '41',
462 silly get     'x-served-by': 'cache-ty67-TYO',
462 silly get     'x-cache': 'HIT',
462 silly get     'x-cache-hits': '3',
462 silly get     'x-timer': 'S1418659711.771802,VS0,VE0',
462 silly get     vary: 'Accept',
462 silly get     'keep-alive': 'timeout=10, max=47',
462 silly get     connection: 'Keep-Alive' } ]
463 http 200 https://registry.npmjs.org/grunt-filerev
464 silly get cb [ 200,
464 silly get   { date: 'Mon, 15 Dec 2014 16:08:31 GMT',
464 silly get     server: 'CouchDB/1.5.0 (Erlang OTP/R16B03)',
464 silly get     etag: '"186FO1EF5A3IMGROXISMVYKZZ"',
464 silly get     'content-type': 'application/json',
464 silly get     'cache-control': 'max-age=60',
464 silly get     'content-length': '19267',
464 silly get     'accept-ranges': 'bytes',
464 silly get     via: '1.1 varnish',
464 silly get     age: '32',
464 silly get     'x-served-by': 'cache-ty68-TYO',
464 silly get     'x-cache': 'HIT',
464 silly get     'x-cache-hits': '3',
464 silly get     'x-timer': 'S1418659711.770177,VS0,VE0',
464 silly get     vary: 'Accept',
464 silly get     'keep-alive': 'timeout=10, max=47',
464 silly get     connection: 'Keep-Alive' } ]
465 silly addNameRange number 2 { name: 'grunt-contrib-uglify',
465 silly addNameRange   range: '>=0.4.0 <0.5.0',
465 silly addNameRange   hasData: true }
466 silly addNameRange versions [ 'grunt-contrib-uglify',
466 silly addNameRange   [ '0.1.0',
466 silly addNameRange     '0.1.1',
466 silly addNameRange     '0.1.2',
466 silly addNameRange     '0.2.0',
466 silly addNameRange     '0.2.1',
466 silly addNameRange     '0.2.2',
466 silly addNameRange     '0.2.3',
466 silly addNameRange     '0.2.4',
466 silly addNameRange     '0.2.5',
466 silly addNameRange     '0.2.6',
466 silly addNameRange     '0.2.7',
466 silly addNameRange     '0.3.0',
466 silly addNameRange     '0.3.1',
466 silly addNameRange     '0.1.1-rc5',
466 silly addNameRange     '0.1.1-rc6',
466 silly addNameRange     '0.3.2',
466 silly addNameRange     '0.3.3',
466 silly addNameRange     '0.4.0',
466 silly addNameRange     '0.5.0',
466 silly addNameRange     '0.4.1',
466 silly addNameRange     '0.5.1',
466 silly addNameRange     '0.6.0' ] ]
467 verbose addNamed grunt-contrib-uglify@0.4.1
468 silly addNamed semver.valid 0.4.1
469 silly addNamed semver.validRange 0.4.1
470 http 200 https://registry.npmjs.org/grunt-google-cdn
471 silly get cb [ 200,
471 silly get   { date: 'Mon, 15 Dec 2014 16:08:31 GMT',
471 silly get     server: 'CouchDB/1.5.0 (Erlang OTP/R16B03)',
471 silly get     etag: '"3UOXXN3W4HK7HWTCGUF2A9LY8"',
471 silly get     'content-type': 'application/json',
471 silly get     'cache-control': 'max-age=60',
471 silly get     'content-length': '18308',
471 silly get     'accept-ranges': 'bytes',
471 silly get     via: '1.1 varnish',
471 silly get     age: '31',
471 silly get     'x-served-by': 'cache-ty66-TYO',
471 silly get     'x-cache': 'HIT',
471 silly get     'x-cache-hits': '3',
471 silly get     'x-timer': 'S1418659711.775688,VS0,VE0',
471 silly get     vary: 'Accept',
471 silly get     'keep-alive': 'timeout=10, max=47',
471 silly get     connection: 'Keep-Alive' } ]
472 silly addNameRange number 2 { name: 'grunt-contrib-watch',
472 silly addNameRange   range: '>=0.6.1 <0.7.0',
472 silly addNameRange   hasData: true }
473 silly addNameRange versions [ 'grunt-contrib-watch',
473 silly addNameRange   [ '0.1.0',
473 silly addNameRange     '0.1.1',
473 silly addNameRange     '0.1.2',
473 silly addNameRange     '0.1.3',
473 silly addNameRange     '0.1.4',
473 silly addNameRange     '0.2.0',
473 silly addNameRange     '0.3.0',
473 silly addNameRange     '0.3.1',
473 silly addNameRange     '0.4.0',
473 silly addNameRange     '0.4.1',
473 silly addNameRange     '0.4.2',
473 silly addNameRange     '0.4.3',
473 silly addNameRange     '0.4.4',
473 silly addNameRange     '0.5.0',
473 silly addNameRange     '0.5.1',
473 silly addNameRange     '0.5.2',
473 silly addNameRange     '0.5.3',
473 silly addNameRange     '0.6.0',
473 silly addNameRange     '0.6.1',
473 silly addNameRange     '0.2.0-a',
473 silly addNameRange     '0.2.0-rc5',
473 silly addNameRange     '0.2.0-rc7' ] ]
474 verbose addNamed grunt-contrib-watch@0.6.1
475 silly addNamed semver.valid 0.6.1
476 silly addNamed semver.validRange 0.6.1
477 silly addNameRange number 2 { name: 'grunt-filerev', range: '>=0.2.1 <0.3.0', hasData: true }
478 silly addNameRange versions [ 'grunt-filerev',
478 silly addNameRange   [ '0.1.0',
478 silly addNameRange     '0.1.1',
478 silly addNameRange     '0.1.2',
478 silly addNameRange     '0.2.0',
478 silly addNameRange     '0.2.1',
478 silly addNameRange     '1.1.0',
478 silly addNameRange     '2.0.0',
478 silly addNameRange     '2.1.0',
478 silly addNameRange     '2.1.1',
478 silly addNameRange     '2.1.2' ] ]
479 verbose addNamed grunt-filerev@0.2.1
480 silly addNamed semver.valid 0.2.1
481 silly addNamed semver.validRange 0.2.1
482 http 200 https://registry.npmjs.org/grunt-newer
483 silly get cb [ 200,
483 silly get   { date: 'Mon, 15 Dec 2014 16:08:31 GMT',
483 silly get     server: 'CouchDB/1.5.0 (Erlang OTP/R16B03)',
483 silly get     etag: '"ERESF4180A6BU5JA27B432TS8"',
483 silly get     'content-type': 'application/json',
483 silly get     'cache-control': 'max-age=60',
483 silly get     'content-length': '27612',
483 silly get     'accept-ranges': 'bytes',
483 silly get     via: '1.1 varnish',
483 silly get     age: '31',
483 silly get     'x-served-by': 'cache-ty67-TYO',
483 silly get     'x-cache': 'HIT',
483 silly get     'x-cache-hits': '2',
483 silly get     'x-timer': 'S1418659711.799075,VS0,VE0',
483 silly get     vary: 'Accept',
483 silly get     'keep-alive': 'timeout=10, max=46',
483 silly get     connection: 'Keep-Alive' } ]
484 http 200 https://registry.npmjs.org/grunt-ng-annotate
485 silly get cb [ 200,
485 silly get   { date: 'Mon, 15 Dec 2014 16:08:31 GMT',
485 silly get     server: 'CouchDB/1.5.0 (Erlang OTP/R16B03)',
485 silly get     etag: '"4Y5SDQLQN1H0MT4TK07AU1JY3"',
485 silly get     'content-type': 'application/json',
485 silly get     'cache-control': 'max-age=60',
485 silly get     'content-length': '32570',
485 silly get     'accept-ranges': 'bytes',
485 silly get     via: '1.1 varnish',
485 silly get     age: '32',
485 silly get     'x-served-by': 'cache-ty68-TYO',
485 silly get     'x-cache': 'HIT',
485 silly get     'x-cache-hits': '2',
485 silly get     'x-timer': 'S1418659711.794548,VS0,VE0',
485 silly get     vary: 'Accept',
485 silly get     'keep-alive': 'timeout=10, max=46',
485 silly get     connection: 'Keep-Alive' } ]
486 silly addNameRange number 2 { name: 'grunt-google-cdn',
486 silly addNameRange   range: '>=0.4.0 <0.5.0',
486 silly addNameRange   hasData: true }
487 silly addNameRange versions [ 'grunt-google-cdn',
487 silly addNameRange   [ '0.0.1',
487 silly addNameRange     '0.1.0',
487 silly addNameRange     '0.1.1',
487 silly addNameRange     '0.1.2',
487 silly addNameRange     '0.1.3',
487 silly addNameRange     '0.1.4',
487 silly addNameRange     '0.2.0',
487 silly addNameRange     '0.2.1',
487 silly addNameRange     '0.2.2',
487 silly addNameRange     '0.3.0',
487 silly addNameRange     '0.4.0',
487 silly addNameRange     '0.4.1',
487 silly addNameRange     '0.4.2',
487 silly addNameRange     '0.4.3' ] ]
488 verbose addNamed grunt-google-cdn@0.4.3
489 silly addNamed semver.valid 0.4.3
490 silly addNamed semver.validRange 0.4.3
491 http 200 https://registry.npmjs.org/grunt-svgmin
492 silly get cb [ 200,
492 silly get   { date: 'Mon, 15 Dec 2014 16:08:31 GMT',
492 silly get     server: 'CouchDB/1.5.0 (Erlang OTP/R16B03)',
492 silly get     etag: '"8ULS8S2ACZ14NERXNOEY4XIUH"',
492 silly get     'content-type': 'application/json',
492 silly get     'cache-control': 'max-age=60',
492 silly get     'content-length': '13061',
492 silly get     'accept-ranges': 'bytes',
492 silly get     via: '1.1 varnish',
492 silly get     age: '31',
492 silly get     'x-served-by': 'cache-ty66-TYO',
492 silly get     'x-cache': 'HIT',
492 silly get     'x-cache-hits': '2',
492 silly get     'x-timer': 'S1418659711.802235,VS0,VE0',
492 silly get     vary: 'Accept',
492 silly get     'keep-alive': 'timeout=10, max=46',
492 silly get     connection: 'Keep-Alive' } ]
493 silly cache afterAdd grunt-autoprefixer@0.7.6
494 verbose afterAdd /root/.npm/grunt-autoprefixer/0.7.6/package/package.json not in flight; writing
495 silly cache afterAdd grunt-contrib-clean@0.5.0
496 verbose afterAdd /root/.npm/grunt-contrib-clean/0.5.0/package/package.json not in flight; writing
497 silly addNameRange number 2 { name: 'grunt-newer', range: '>=0.7.0 <0.8.0', hasData: true }
498 silly addNameRange versions [ 'grunt-newer',
498 silly addNameRange   [ '0.1.0',
498 silly addNameRange     '0.2.0',
498 silly addNameRange     '0.3.1',
498 silly addNameRange     '0.4.0',
498 silly addNameRange     '0.4.1',
498 silly addNameRange     '0.5.0',
498 silly addNameRange     '0.5.1',
498 silly addNameRange     '0.5.2',
498 silly addNameRange     '0.5.3',
498 silly addNameRange     '0.5.4',
498 silly addNameRange     '0.6.0',
498 silly addNameRange     '0.6.1',
498 silly addNameRange     '0.7.0',
498 silly addNameRange     '0.8.0' ] ]
499 verbose addNamed grunt-newer@0.7.0
500 silly addNamed semver.valid 0.7.0
501 silly addNamed semver.validRange 0.7.0
502 silly addNameRange number 2 { name: 'grunt-ng-annotate',
502 silly addNameRange   range: '>=0.4.0 <0.5.0',
502 silly addNameRange   hasData: true }
503 silly addNameRange versions [ 'grunt-ng-annotate',
503 silly addNameRange   [ '0.0.1',
503 silly addNameRange     '0.0.2',
503 silly addNameRange     '0.0.4',
503 silly addNameRange     '0.0.5',
503 silly addNameRange     '0.0.6',
503 silly addNameRange     '0.0.7',
503 silly addNameRange     '0.0.8',
503 silly addNameRange     '0.1.0',
503 silly addNameRange     '0.2.0',
503 silly addNameRange     '0.2.1',
503 silly addNameRange     '0.2.2',
503 silly addNameRange     '0.2.3',
503 silly addNameRange     '0.3.0',
503 silly addNameRange     '0.3.1',
503 silly addNameRange     '0.3.2',
503 silly addNameRange     '0.4.0',
503 silly addNameRange     '0.5.0',
503 silly addNameRange     '0.6.0',
503 silly addNameRange     '0.7.0',
503 silly addNameRange     '0.8.0' ] ]
504 verbose addNamed grunt-ng-annotate@0.4.0
505 silly addNamed semver.valid 0.4.0
506 silly addNamed semver.validRange 0.4.0
507 http 200 https://registry.npmjs.org/grunt-usemin
508 silly get cb [ 200,
508 silly get   { date: 'Mon, 15 Dec 2014 16:08:31 GMT',
508 silly get     server: 'CouchDB/1.5.0 (Erlang OTP/R16B03)',
508 silly get     etag: '"6V5RP9AIXBPOIAXA7PC70B2H4"',
508 silly get     'content-type': 'application/json',
508 silly get     'cache-control': 'max-age=60',
508 silly get     'content-length': '62829',
508 silly get     'accept-ranges': 'bytes',
508 silly get     via: '1.1 varnish',
508 silly get     age: '31',
508 silly get     'x-served-by': 'cache-ty67-TYO',
508 silly get     'x-cache': 'HIT',
508 silly get     'x-cache-hits': '2',
508 silly get     'x-timer': 'S1418659711.817585,VS0,VE0',
508 silly get     vary: 'Accept',
508 silly get     'keep-alive': 'timeout=10, max=45',
508 silly get     connection: 'Keep-Alive' } ]
509 silly cache afterAdd grunt-concurrent@0.5.0
510 verbose afterAdd /root/.npm/grunt-concurrent/0.5.0/package/package.json not in flight; writing
511 silly addNameRange number 2 { name: 'grunt-svgmin', range: '>=0.4.0 <0.5.0', hasData: true }
512 silly addNameRange versions [ 'grunt-svgmin',
512 silly addNameRange   [ '0.1.0',
512 silly addNameRange     '0.2.0',
512 silly addNameRange     '0.2.1',
512 silly addNameRange     '0.3.0',
512 silly addNameRange     '0.3.1',
512 silly addNameRange     '0.4.0',
512 silly addNameRange     '1.0.0',
512 silly addNameRange     '2.0.0' ] ]
513 verbose addNamed grunt-svgmin@0.4.0
514 silly addNamed semver.valid 0.4.0
515 silly addNamed semver.validRange 0.4.0
516 http 200 https://registry.npmjs.org/grunt-wiredep
517 silly get cb [ 200,
517 silly get   { date: 'Mon, 15 Dec 2014 16:08:31 GMT',
517 silly get     server: 'CouchDB/1.5.0 (Erlang OTP/R16B03)',
517 silly get     etag: '"1WFIWLXTKCVXGVQ68EQB904QT"',
517 silly get     'content-type': 'application/json',
517 silly get     'cache-control': 'max-age=60',
517 silly get     'content-length': '10927',
517 silly get     'accept-ranges': 'bytes',
517 silly get     via: '1.1 varnish',
517 silly get     age: '31',
517 silly get     'x-served-by': 'cache-ty68-TYO',
517 silly get     'x-cache': 'HIT',
517 silly get     'x-cache-hits': '2',
517 silly get     'x-timer': 'S1418659711.815988,VS0,VE0',
517 silly get     vary: 'Accept',
517 silly get     'keep-alive': 'timeout=10, max=45',
517 silly get     connection: 'Keep-Alive' } ]
518 http 200 https://registry.npmjs.org/jshint-stylish
519 silly get cb [ 200,
519 silly get   { date: 'Mon, 15 Dec 2014 16:08:31 GMT',
519 silly get     server: 'CouchDB/1.5.0 (Erlang OTP/R16B03)',
519 silly get     etag: '"1TH4Y3KM13F0BT1R2X6ZYIUXL"',
519 silly get     'content-type': 'application/json',
519 silly get     'cache-control': 'max-age=60',
519 silly get     'content-length': '13635',
519 silly get     'accept-ranges': 'bytes',
519 silly get     via: '1.1 varnish',
519 silly get     age: '30',
519 silly get     'x-served-by': 'cache-ty66-TYO',
519 silly get     'x-cache': 'HIT',
519 silly get     'x-cache-hits': '1',
519 silly get     'x-timer': 'S1418659711.819383,VS0,VE0',
519 silly get     vary: 'Accept',
519 silly get     'keep-alive': 'timeout=10, max=45',
519 silly get     connection: 'Keep-Alive' } ]
520 silly addNameRange number 2 { name: 'grunt-usemin', range: '>=2.1.1 <3.0.0', hasData: true }
521 silly addNameRange versions [ 'grunt-usemin',
521 silly addNameRange   [ '0.1.0',
521 silly addNameRange     '0.1.1',
521 silly addNameRange     '0.1.2',
521 silly addNameRange     '0.1.5',
521 silly addNameRange     '0.1.6',
521 silly addNameRange     '0.1.7',
521 silly addNameRange     '0.1.8',
521 silly addNameRange     '0.1.9',
521 silly addNameRange     '0.1.4',
521 silly addNameRange     '0.1.10',
521 silly addNameRange     '0.1.11',
521 silly addNameRange     '0.1.12',
521 silly addNameRange     '0.1.13',
521 silly addNameRange     '2.0.0',
521 silly addNameRange     '2.0.1',
521 silly addNameRange     '2.0.2',
521 silly addNameRange     '2.1.0',
521 silly addNameRange     '2.1.1',
521 silly addNameRange     '2.2.0',
521 silly addNameRange     '2.3.0',
521 silly addNameRange     '2.4.0',
521 silly addNameRange     '2.5.0',
521 silly addNameRange     '2.5.1',
521 silly addNameRange     '2.6.0',
521 silly addNameRange     '2.6.1',
521 silly addNameRange     '2.6.2',
521 silly addNameRange     '3.0.0' ] ]
522 verbose addNamed grunt-usemin@2.6.2
523 silly addNamed semver.valid 2.6.2
524 silly addNamed semver.validRange 2.6.2
525 http 200 https://registry.npmjs.org/load-grunt-tasks
526 silly get cb [ 200,
526 silly get   { date: 'Mon, 15 Dec 2014 16:08:31 GMT',
526 silly get     server: 'CouchDB/1.5.0 (Erlang OTP/R16B03)',
526 silly get     etag: '"23R1JHT5JJYMKZWIY3RJI3K7Z"',
526 silly get     'content-type': 'application/json',
526 silly get     'cache-control': 'max-age=60',
526 silly get     'content-length': '18102',
526 silly get     'accept-ranges': 'bytes',
526 silly get     via: '1.1 varnish',
526 silly get     age: '31',
526 silly get     'x-served-by': 'cache-ty67-TYO',
526 silly get     'x-cache': 'HIT',
526 silly get     'x-cache-hits': '2',
526 silly get     'x-timer': 'S1418659711.838720,VS0,VE0',
526 silly get     vary: 'Accept',
526 silly get     'keep-alive': 'timeout=10, max=44',
526 silly get     connection: 'Keep-Alive' } ]
527 silly cache afterAdd grunt-contrib-concat@0.4.0
528 verbose afterAdd /root/.npm/grunt-contrib-concat/0.4.0/package/package.json not in flight; writing
529 silly cache afterAdd grunt-contrib-copy@0.5.0
530 verbose afterAdd /root/.npm/grunt-contrib-copy/0.5.0/package/package.json not in flight; writing
531 silly addNameRange number 2 { name: 'grunt-wiredep', range: '>=1.7.0 <2.0.0', hasData: true }
532 silly addNameRange versions [ 'grunt-wiredep',
532 silly addNameRange   [ '1.7.0', '1.7.1', '1.8.0', '1.9.0', '2.0.0' ] ]
533 verbose addNamed grunt-wiredep@1.9.0
534 silly addNamed semver.valid 1.9.0
535 silly addNamed semver.validRange 1.9.0
536 silly addNameRange number 2 { name: 'jshint-stylish',
536 silly addNameRange   range: '>=0.2.0 <0.3.0',
536 silly addNameRange   hasData: true }
537 silly addNameRange versions [ 'jshint-stylish',
537 silly addNameRange   [ '0.1.0',
537 silly addNameRange     '0.1.1',
537 silly addNameRange     '0.1.2',
537 silly addNameRange     '0.1.3',
537 silly addNameRange     '0.1.4',
537 silly addNameRange     '0.1.5',
537 silly addNameRange     '0.2.0',
537 silly addNameRange     '0.3.0',
537 silly addNameRange     '0.4.0',
537 silly addNameRange     '1.0.0' ] ]
538 verbose addNamed jshint-stylish@0.2.0
539 silly addNamed semver.valid 0.2.0
540 silly addNamed semver.validRange 0.2.0
541 http 304 https://registry.npmjs.org/grunt
542 silly get cb [ 304,
542 silly get   { date: 'Mon, 15 Dec 2014 16:08:31 GMT',
542 silly get     server: 'Apache',
542 silly get     via: '1.1 varnish',
542 silly get     'last-modified': 'Mon, 15 Dec 2014 15:56:35 GMT',
542 silly get     'cache-control': 'max-age=60',
542 silly get     etag: '"C2BU4GESW5Q7AOZB3O0PC8GHK"',
542 silly get     age: '40',
542 silly get     'x-served-by': 'cache-ty66-TYO',
542 silly get     'x-cache': 'HIT',
542 silly get     'x-cache-hits': '13',
542 silly get     'x-timer': 'S1418659711.842526,VS0,VE0',
542 silly get     vary: 'Accept',
542 silly get     'content-length': '0',
542 silly get     'keep-alive': 'timeout=10, max=44',
542 silly get     connection: 'Keep-Alive' } ]
543 verbose etag https://registry.npmjs.org/grunt from cache
544 http 200 https://registry.npmjs.org/time-grunt
545 silly get cb [ 200,
545 silly get   { date: 'Mon, 15 Dec 2014 16:08:31 GMT',
545 silly get     server: 'CouchDB/1.5.0 (Erlang OTP/R16B03)',
545 silly get     etag: '"4CCMUIHI7EVMVK6BAWWQYG4QZ"',
545 silly get     'content-type': 'application/json',
545 silly get     'cache-control': 'max-age=60',
545 silly get     'content-length': '22385',
545 silly get     'accept-ranges': 'bytes',
545 silly get     via: '1.1 varnish',
545 silly get     age: '30',
545 silly get     'x-served-by': 'cache-ty68-TYO',
545 silly get     'x-cache': 'HIT',
545 silly get     'x-cache-hits': '1',
545 silly get     'x-timer': 'S1418659711.841813,VS0,VE0',
545 silly get     vary: 'Accept',
545 silly get     'keep-alive': 'timeout=10, max=44',
545 silly get     connection: 'Keep-Alive' } ]
546 silly cache afterAdd grunt-contrib-cssmin@0.9.0
547 verbose afterAdd /root/.npm/grunt-contrib-cssmin/0.9.0/package/package.json not in flight; writing
548 silly addNameRange number 2 { name: 'load-grunt-tasks',
548 silly addNameRange   range: '>=0.4.0 <0.5.0',
548 silly addNameRange   hasData: true }
549 silly addNameRange versions [ 'load-grunt-tasks',
549 silly addNameRange   [ '0.1.0',
549 silly addNameRange     '0.1.1',
549 silly addNameRange     '0.1.2',
549 silly addNameRange     '0.1.3',
549 silly addNameRange     '0.2.0',
549 silly addNameRange     '0.2.1',
549 silly addNameRange     '0.3.0',
549 silly addNameRange     '0.4.0',
549 silly addNameRange     '0.5.0',
549 silly addNameRange     '0.6.0',
549 silly addNameRange     '1.0.0' ] ]
550 verbose addNamed load-grunt-tasks@0.4.0
551 silly addNamed semver.valid 0.4.0
552 silly addNamed semver.validRange 0.4.0
553 silly addNameRange number 2 { name: 'time-grunt', range: '>=0.3.1 <0.4.0', hasData: true }
554 silly addNameRange versions [ 'time-grunt',
554 silly addNameRange   [ '0.1.0',
554 silly addNameRange     '0.1.1',
554 silly addNameRange     '0.1.2',
554 silly addNameRange     '0.2.0',
554 silly addNameRange     '0.2.1',
554 silly addNameRange     '0.2.2',
554 silly addNameRange     '0.2.3',
554 silly addNameRange     '0.2.4',
554 silly addNameRange     '0.2.5',
554 silly addNameRange     '0.2.6',
554 silly addNameRange     '0.2.7',
554 silly addNameRange     '0.2.8',
554 silly addNameRange     '0.2.9',
554 silly addNameRange     '0.2.10',
554 silly addNameRange     '0.3.1',
554 silly addNameRange     '0.3.2',
554 silly addNameRange     '0.4.0',
554 silly addNameRange     '1.0.0' ] ]
555 verbose addNamed time-grunt@0.3.2
556 silly addNamed semver.valid 0.3.2
557 silly addNamed semver.validRange 0.3.2
558 silly cache afterAdd grunt-contrib-htmlmin@0.3.0
559 verbose afterAdd /root/.npm/grunt-contrib-htmlmin/0.3.0/package/package.json not in flight; writing
560 silly cache afterAdd grunt-contrib-imagemin@0.8.1
561 verbose afterAdd /root/.npm/grunt-contrib-imagemin/0.8.1/package/package.json not in flight; writing
562 silly cache afterAdd grunt-contrib-jshint@0.10.0
563 verbose afterAdd /root/.npm/grunt-contrib-jshint/0.10.0/package/package.json not in flight; writing
564 silly addNameRange number 2 { name: 'grunt', range: '>=0.4.1 <0.5.0', hasData: true }
565 silly addNameRange versions [ 'grunt',
565 silly addNameRange   [ '0.1.0',
565 silly addNameRange     '0.1.1',
565 silly addNameRange     '0.1.2',
565 silly addNameRange     '0.2.0',
565 silly addNameRange     '0.2.1',
565 silly addNameRange     '0.2.2',
565 silly addNameRange     '0.2.3',
565 silly addNameRange     '0.2.4',
565 silly addNameRange     '0.2.5',
565 silly addNameRange     '0.2.6',
565 silly addNameRange     '0.2.7',
565 silly addNameRange     '0.2.8',
565 silly addNameRange     '0.2.9',
565 silly addNameRange     '0.2.10',
565 silly addNameRange     '0.2.11',
565 silly addNameRange     '0.2.12',
565 silly addNameRange     '0.2.13',
565 silly addNameRange     '0.2.14',
565 silly addNameRange     '0.2.15',
565 silly addNameRange     '0.3.0',
565 silly addNameRange     '0.3.1',
565 silly addNameRange     '0.3.2',
565 silly addNameRange     '0.3.3',
565 silly addNameRange     '0.3.4',
565 silly addNameRange     '0.3.5',
565 silly addNameRange     '0.3.6',
565 silly addNameRange     '0.3.7',
565 silly addNameRange     '0.3.8',
565 silly addNameRange     '0.3.9',
565 silly addNameRange     '0.3.10',
565 silly addNameRange     '0.3.11',
565 silly addNameRange     '0.3.12',
565 silly addNameRange     '0.3.13',
565 silly addNameRange     '0.3.14',
565 silly addNameRange     '0.3.15',
565 silly addNameRange     '0.3.16',
565 silly addNameRange     '0.3.17',
565 silly addNameRange     '0.4.0',
565 silly addNameRange     '0.4.1',
565 silly addNameRange     '0.4.2',
565 silly addNameRange     '0.4.3',
565 silly addNameRange     '0.4.4',
565 silly addNameRange     '0.4.5',
565 silly addNameRange     '0.3.13-a',
565 silly addNameRange     '0.4.0-a',
565 silly addNameRange     '0.4.0-rc1',
565 silly addNameRange     '0.4.0-rc2',
565 silly addNameRange     '0.4.0-rc3',
565 silly addNameRange     '0.4.0-rc4',
565 silly addNameRange     '0.4.0-rc5',
565 silly addNameRange     '0.4.0-rc6',
565 silly addNameRange     '0.4.0-rc7',
565 silly addNameRange     '0.4.0-rc8' ] ]
566 verbose addNamed grunt@0.4.5
567 silly addNamed semver.valid 0.4.5
568 silly addNamed semver.validRange 0.4.5
569 silly cache afterAdd grunt-contrib-uglify@0.4.1
570 verbose afterAdd /root/.npm/grunt-contrib-uglify/0.4.1/package/package.json not in flight; writing
571 silly cache afterAdd grunt-contrib-watch@0.6.1
572 verbose afterAdd /root/.npm/grunt-contrib-watch/0.6.1/package/package.json not in flight; writing
573 silly cache afterAdd grunt-filerev@0.2.1
574 verbose afterAdd /root/.npm/grunt-filerev/0.2.1/package/package.json not in flight; writing
575 silly cache afterAdd grunt-google-cdn@0.4.3
576 verbose afterAdd /root/.npm/grunt-google-cdn/0.4.3/package/package.json not in flight; writing
577 http 200 https://registry.npmjs.org/grunt-contrib-connect
578 silly get cb [ 200,
578 silly get   { date: 'Mon, 15 Dec 2014 16:08:31 GMT',
578 silly get     server: 'CouchDB/1.5.0 (Erlang OTP/R14B04)',
578 silly get     etag: '"31IF2SFUO7XAJ6K9GIS5TAS4G"',
578 silly get     'content-type': 'application/json',
578 silly get     'cache-control': 'max-age=60',
578 silly get     'content-length': '42167',
578 silly get     'accept-ranges': 'bytes',
578 silly get     via: '1.1 varnish',
578 silly get     age: '0',
578 silly get     'x-served-by': 'cache-ty68-TYO',
578 silly get     'x-cache': 'HIT',
578 silly get     'x-cache-hits': '1',
578 silly get     'x-timer': 'S1418659711.705015,VS0,VE184',
578 silly get     vary: 'Accept',
578 silly get     'keep-alive': 'timeout=10, max=49',
578 silly get     connection: 'Keep-Alive' } ]
579 silly cache afterAdd grunt-newer@0.7.0
580 verbose afterAdd /root/.npm/grunt-newer/0.7.0/package/package.json not in flight; writing
581 silly cache afterAdd grunt-ng-annotate@0.4.0
582 verbose afterAdd /root/.npm/grunt-ng-annotate/0.4.0/package/package.json not in flight; writing
583 http 200 https://registry.npmjs.org/grunt-contrib-compass
584 silly get cb [ 200,
584 silly get   { date: 'Mon, 15 Dec 2014 16:08:31 GMT',
584 silly get     server: 'CouchDB/1.5.0 (Erlang OTP/R16B03)',
584 silly get     etag: '"2K61BYMEBZLNEP2TTMDWUI9RL"',
584 silly get     'content-type': 'application/json',
584 silly get     'cache-control': 'max-age=60',
584 silly get     'content-length': '46602',
584 silly get     'accept-ranges': 'bytes',
584 silly get     via: '1.1 varnish',
584 silly get     age: '0',
584 silly get     'x-served-by': 'cache-ty66-TYO',
584 silly get     'x-cache': 'HIT',
584 silly get     'x-cache-hits': '1',
584 silly get     'x-timer': 'S1418659711.697779,VS0,VE187',
584 silly get     vary: 'Accept',
584 silly get     'keep-alive': 'timeout=10, max=50',
584 silly get     connection: 'Keep-Alive' } ]
585 silly cache afterAdd grunt-svgmin@0.4.0
586 verbose afterAdd /root/.npm/grunt-svgmin/0.4.0/package/package.json not in flight; writing
587 silly addNameRange number 2 { name: 'grunt-contrib-connect',
587 silly addNameRange   range: '>=0.7.1 <0.8.0',
587 silly addNameRange   hasData: true }
588 silly addNameRange versions [ 'grunt-contrib-connect',
588 silly addNameRange   [ '0.1.0',
588 silly addNameRange     '0.1.1',
588 silly addNameRange     '0.1.2',
588 silly addNameRange     '0.2.0',
588 silly addNameRange     '0.3.0',
588 silly addNameRange     '0.4.0',
588 silly addNameRange     '0.4.1',
588 silly addNameRange     '0.4.2',
588 silly addNameRange     '0.5.0',
588 silly addNameRange     '0.6.0',
588 silly addNameRange     '0.7.0',
588 silly addNameRange     '0.7.1',
588 silly addNameRange     '0.8.0',
588 silly addNameRange     '0.9.0',
588 silly addNameRange     '0.1.1-rc6' ] ]
589 verbose addNamed grunt-contrib-connect@0.7.1
590 silly addNamed semver.valid 0.7.1
591 silly addNamed semver.validRange 0.7.1
592 silly cache afterAdd grunt-usemin@2.6.2
593 verbose afterAdd /root/.npm/grunt-usemin/2.6.2/package/package.json not in flight; writing
594 silly cache afterAdd grunt@0.4.5
595 verbose afterAdd /root/.npm/grunt/0.4.5/package/package.json not in flight; writing
596 silly addNameRange number 2 { name: 'grunt-contrib-compass',
596 silly addNameRange   range: '>=0.7.2 <0.8.0',
596 silly addNameRange   hasData: true }
597 silly addNameRange versions [ 'grunt-contrib-compass',
597 silly addNameRange   [ '0.1.0',
597 silly addNameRange     '0.1.1',
597 silly addNameRange     '0.1.2',
597 silly addNameRange     '0.1.3',
597 silly addNameRange     '0.2.0',
597 silly addNameRange     '0.3.0',
597 silly addNameRange     '0.4.0',
597 silly addNameRange     '0.4.1',
597 silly addNameRange     '0.5.0',
597 silly addNameRange     '0.6.0',
597 silly addNameRange     '0.7.0',
597 silly addNameRange     '0.1.1-rc7',
597 silly addNameRange     '0.1.1-rc8',
597 silly addNameRange     '0.7.1',
597 silly addNameRange     '0.7.2',
597 silly addNameRange     '0.8.0',
597 silly addNameRange     '0.9.0',
597 silly addNameRange     '0.9.1',
597 silly addNameRange     '1.0.0',
597 silly addNameRange     '1.0.1' ] ]
598 verbose addNamed grunt-contrib-compass@0.7.2
599 silly addNamed semver.valid 0.7.2
600 silly addNamed semver.validRange 0.7.2
601 silly cache afterAdd grunt-wiredep@1.9.0
602 verbose afterAdd /root/.npm/grunt-wiredep/1.9.0/package/package.json not in flight; writing
603 silly cache afterAdd jshint-stylish@0.2.0
604 verbose afterAdd /root/.npm/jshint-stylish/0.2.0/package/package.json not in flight; writing
605 silly cache afterAdd load-grunt-tasks@0.4.0
606 verbose afterAdd /root/.npm/load-grunt-tasks/0.4.0/package/package.json not in flight; writing
607 silly cache afterAdd time-grunt@0.3.2
608 verbose afterAdd /root/.npm/time-grunt/0.3.2/package/package.json not in flight; writing
609 silly cache afterAdd grunt-contrib-connect@0.7.1
610 verbose afterAdd /root/.npm/grunt-contrib-connect/0.7.1/package/package.json not in flight; writing
611 silly cache afterAdd grunt-contrib-compass@0.7.2
612 verbose afterAdd /root/.npm/grunt-contrib-compass/0.7.2/package/package.json not in flight; writing
613 verbose stack Error: EACCES, open '/root/.npm/grunt-autoprefixer/0.7.6/package/package.json.8111d5e068b6fd5dbdc65883af2bcddd'
614 verbose cwd /root/rails/nightwalker-client/ngapp
615 error Linux 2.6.32-504.1.3.el6.x86_64
616 error argv "node" "/usr/bin/npm" "install"
617 error node v0.10.32
618 error npm  v2.1.12
619 error path /root/.npm/grunt-autoprefixer/0.7.6/package/package.json.8111d5e068b6fd5dbdc65883af2bcddd
620 error code EACCES
621 error errno 3
622 error Error: EACCES, open '/root/.npm/grunt-autoprefixer/0.7.6/package/package.json.8111d5e068b6fd5dbdc65883af2bcddd'
622 error  { [Error: EACCES, open '/root/.npm/grunt-autoprefixer/0.7.6/package/package.json.8111d5e068b6fd5dbdc65883af2bcddd']
622 error   errno: 3,
622 error   code: 'EACCES',
622 error   path: '/root/.npm/grunt-autoprefixer/0.7.6/package/package.json.8111d5e068b6fd5dbdc65883af2bcddd',
622 error   parent: 'ngapp' }
623 error Please try running this command again as root/Administrator.
624 verbose exit [ 3, true ]
